<?xml version="1.0" encoding="UTF-8"?>
<!-- Generated by org.testng.reporters.JUnitXMLReporter -->
<testsuite ignored="0" hostname="DESKTOP-93JOP7J" failures="0" tests="4" name="Test" time="13.069" errors="0" timestamp="2024-08-20T16:58:00 IST">
  <testcase classname="api.test.UserTests2" name="testPostUserByName" time="4.971"/>
  <testcase classname="api.test.UserTests2" name="testReadUserByName" time="1.369"/>
  <testcase classname="api.test.UserTests2" name="testUpdateUserByName" time="2.737"/>
  <testcase classname="api.test.UserTests2" name="testDeleteUserByName" time="1.382"/>
</testsuite> <!-- Test -->
