<?xml version="1.0" encoding="UTF-8"?>
<!-- Generated by org.testng.reporters.JUnitXMLReporter -->
<testsuite ignored="0" hostname="DESKTOP-93JOP7J" failures="0" tests="4" name="Test" time="15.239" errors="0" timestamp="2024-08-23T10:18:51 IST">
  <testcase classname="api.test.UserTests2" name="testPostUserByName" time="6.349"/>
  <testcase classname="api.test.UserTests2" name="testReadUserByName" time="1.533"/>
  <testcase classname="api.test.UserTests2" name="testUpdateUserByName" time="2.971"/>
  <testcase classname="api.test.UserTests2" name="testDeleteUserByName" time="1.567"/>
</testsuite> <!-- Test -->
