<?xml version="1.0" encoding="UTF-8"?>
<testng-results ignored="0" total="4" passed="4" failed="0" skipped="0">
  <reporter-output>
  </reporter-output>
  <suite started-at="2024-08-23T10:18:34 IST" name="Suite" finished-at="2024-08-23T10:18:50 IST" duration-ms="15239">
    <groups>
    </groups>
    <test started-at="2024-08-23T10:18:34 IST" name="Test" finished-at="2024-08-23T10:18:50 IST" duration-ms="15239">
      <class name="api.test.UserTests2">
        <test-method is-config="true" signature="setupData()[pri:0, instance:api.test.UserTests2@131774fe]" started-at="2024-08-23T10:18:35 IST" name="setupData" finished-at="2024-08-23T10:18:37 IST" duration-ms="1987" status="PASS">
          <reporter-output>
          </reporter-output>
        </test-method> <!-- setupData -->
        <test-method signature="testPostUserByName()[pri:1, instance:api.test.UserTests2@131774fe]" started-at="2024-08-23T10:18:37 IST" name="testPostUserByName" finished-at="2024-08-23T10:18:44 IST" duration-ms="6349" status="PASS">
          <reporter-output>
          </reporter-output>
        </test-method> <!-- testPostUserByName -->
        <test-method signature="testReadUserByName()[pri:2, instance:api.test.UserTests2@131774fe]" started-at="2024-08-23T10:18:44 IST" name="testReadUserByName" finished-at="2024-08-23T10:18:45 IST" duration-ms="1533" status="PASS">
          <reporter-output>
          </reporter-output>
        </test-method> <!-- testReadUserByName -->
        <test-method signature="testUpdateUserByName()[pri:3, instance:api.test.UserTests2@131774fe]" started-at="2024-08-23T10:18:45 IST" name="testUpdateUserByName" finished-at="2024-08-23T10:18:48 IST" duration-ms="2971" status="PASS">
          <reporter-output>
          </reporter-output>
        </test-method> <!-- testUpdateUserByName -->
        <test-method signature="testDeleteUserByName()[pri:4, instance:api.test.UserTests2@131774fe]" started-at="2024-08-23T10:18:48 IST" name="testDeleteUserByName" finished-at="2024-08-23T10:18:50 IST" duration-ms="1567" status="PASS">
          <reporter-output>
          </reporter-output>
        </test-method> <!-- testDeleteUserByName -->
      </class> <!-- api.test.UserTests2 -->
    </test> <!-- Test -->
  </suite> <!-- Suite -->
</testng-results>
