<?xml version="1.0" encoding="UTF-8"?>
<testng-results ignored="0" total="4" passed="4" failed="0" skipped="0">
  <reporter-output>
  </reporter-output>
  <suite started-at="2024-08-20T16:57:46 IST" name="Suite" finished-at="2024-08-20T16:57:59 IST" duration-ms="13069">
    <groups>
    </groups>
    <test started-at="2024-08-20T16:57:46 IST" name="Test" finished-at="2024-08-20T16:57:59 IST" duration-ms="13069">
      <class name="api.test.UserTests2">
        <test-method is-config="true" signature="setupData()[pri:0, instance:api.test.UserTests2@202b0582]" started-at="2024-08-20T16:57:46 IST" name="setupData" finished-at="2024-08-20T16:57:49 IST" duration-ms="2249" status="PASS">
          <reporter-output>
          </reporter-output>
        </test-method> <!-- setupData -->
        <test-method signature="testPostUserByName()[pri:1, instance:api.test.UserTests2@202b0582]" started-at="2024-08-20T16:57:49 IST" name="testPostUserByName" finished-at="2024-08-20T16:57:54 IST" duration-ms="4971" status="PASS">
          <reporter-output>
          </reporter-output>
        </test-method> <!-- testPostUserByName -->
        <test-method signature="testReadUserByName()[pri:2, instance:api.test.UserTests2@202b0582]" started-at="2024-08-20T16:57:54 IST" name="testReadUserByName" finished-at="2024-08-20T16:57:55 IST" duration-ms="1369" status="PASS">
          <reporter-output>
          </reporter-output>
        </test-method> <!-- testReadUserByName -->
        <test-method signature="testUpdateUserByName()[pri:3, instance:api.test.UserTests2@202b0582]" started-at="2024-08-20T16:57:55 IST" name="testUpdateUserByName" finished-at="2024-08-20T16:57:58 IST" duration-ms="2737" status="PASS">
          <reporter-output>
          </reporter-output>
        </test-method> <!-- testUpdateUserByName -->
        <test-method signature="testDeleteUserByName()[pri:4, instance:api.test.UserTests2@202b0582]" started-at="2024-08-20T16:57:58 IST" name="testDeleteUserByName" finished-at="2024-08-20T16:57:59 IST" duration-ms="1382" status="PASS">
          <reporter-output>
          </reporter-output>
        </test-method> <!-- testDeleteUserByName -->
      </class> <!-- api.test.UserTests2 -->
    </test> <!-- Test -->
  </suite> <!-- Suite -->
</testng-results>
